<?xml version="1.0" encoding="UTF-8"?>
<testsuite xmlns:xsi="http://www.w3.org/2001/XMLSchema-instance" xsi:noNamespaceSchemaLocation="https://maven.apache.org/surefire/maven-surefire-plugin/xsd/surefire-test-report.xsd" version="3.0.2" name="com.codewithabdo.render_application1_api.RenderApplication1ApiApplicationTests" time="6.551" tests="1" errors="0" skipped="0" failures="0">
  <properties>
[...]
</properties>
  <testcase name="contextLoads" classname="com.codewithabdo.render_application1_api.RenderApplication1ApiApplicationTests" time="1.537">
    <system-out><![CDATA[18:26:02.979 [main] INFO org.springframework.test.context.support.AnnotationConfigContextLoaderUtils -- Could not detect default configuration classes for test class [com.codewithabdo.render_application1_api.RenderApplication1ApiApplicationTests]: RenderApplication1ApiApplicationTests does not declare any static, non-private, non-final, nested classes annotated with @Configuration.
18:26:03.274 [main] INFO org.springframework.boot.test.context.SpringBootTestContextBootstrapper -- Found @SpringBootConfiguration com.codewithabdo.render_application1_api.RenderApplication1ApiApplication for test class com.codewithabdo.render_application1_api.RenderApplication1ApiApplicationTests

  .   ____          _            __ _ _
 /\\ / ___'_ __ _ _(_)_ __  __ _ \ \ \ \
( ( )\___ | '_ | '_| | '_ \/ _` | \ \ \ \
 \\/  ___)| |_)| | | | | || (_| |  ) ) ) )
  '  |____| .__|_| |_|_| |_\__, | / / / /
 =========|_|==============|___/=/_/_/_/

 :: Spring Boot ::                (v3.4.1)

2024-12-30T18:26:04.607+02:00  INFO 19932 --- [render-application1-api] [           main] .r.RenderApplication1ApiApplicationTests : Starting RenderApplication1ApiApplicationTests using Java 22.0.2 with PID 19932 (started by mohannad in C:\Users\mohannad\Downloads\render-application1-api)
2024-12-30T18:26:04.611+02:00  INFO 19932 --- [render-application1-api] [           main] .r.RenderApplication1ApiApplicationTests : No active profile set, falling back to 1 default profile: "default"
2024-12-30T18:26:07.534+02:00  INFO 19932 --- [render-application1-api] [           main] .r.RenderApplication1ApiApplicationTests : Started RenderApplication1ApiApplicationTests in 3.936 seconds (process running for 6.569)
]]></system-out>
    <system-err><![CDATA[Mockito is currently self-attaching to enable the inline-mock-maker. This will no longer work in future releases of the JDK. Please add Mockito as an agent to your build what is described in Mockito's documentation: https://javadoc.io/doc/org.mockito/mockito-core/latest/org/mockito/Mockito.html#0.3
WARNING: A Java agent has been loaded dynamically (C:\Users\mohannad\.m2\repository\net\bytebuddy\byte-buddy-agent\1.15.11\byte-buddy-agent-1.15.11.jar)
WARNING: If a serviceability tool is in use, please run with -XX:+EnableDynamicAgentLoading to hide this warning
WARNING: If a serviceability tool is not in use, please run with -Djdk.instrument.traceUsage for more information
WARNING: Dynamic loading of agents will be disallowed by default in a future release
]]></system-err>
  </testcase>
</testsuite>